[INFO] logger started at Tue Jan 17 16:13:57 CST 2017
[INFO] executable name: E:\官方工具\exe4j_windows-x64_5_0_1\exe4j_windows-x64_5_0_1.exe
[INFO] install4j version: 6.0.2 (build 6055)
[INFO] Properties: 
-- listing properties --
java.runtime.name=Java(TM) SE Runtime Environment
exe4j.moduleName=E:\官方工具\exe4j_windows-x64_5_0_1\exe4j...
sun.boot.library.path=e:\jre\jre8112\bin
exe4j.semaphoreName=Local\e:_官方工具_exe4j_windows-x64_5_0_1...
java.vm.version=25.112-b15
java.vm.vendor=Oracle Corporation
java.vendor.url=http://java.oracle.com/
path.separator=;
exe4j.consoleCodepage=cp0
java.vm.name=Java HotSpot(TM) 64-Bit Server VM
file.encoding.pkg=sun.io
user.script=
user.country=CN
sun.os.patch.level=
install4j.exeDir=E:\官方工具\exe4j_windows-x64_5_0_1\
java.vm.specification.name=Java Virtual Machine Specification
user.dir=C:\Users\ADMINI~1\AppData\Local\Temp\...
java.runtime.version=1.8.0_112-b15
java.awt.graphicsenv=sun.awt.Win32GraphicsEnvironment
java.endorsed.dirs=e:\jre\jre8112\lib\endorsed
os.arch=amd64
java.io.tmpdir=C:\Users\ADMINI~1\AppData\Local\Temp\
line.separator=

java.vm.specification.vendor=Oracle Corporation
user.variant=
exe4j.tempDir=C:\Users\ADMINI~1\AppData\Local\Temp\...
os.name=Windows 8.1
sun.java2d.noddraw=true
sun.jnu.encoding=GBK
java.library.path=C:\ProgramData\Oracle\Java\javapath;C...
sun.awt.enableExtraMouseButtons=true
java.specification.name=Java Platform API Specification
java.class.version=52.0
sun.management.compiler=HotSpot 64-Bit Tiered Compilers
exe4j.isInstall4j=true
os.version=6.3
user.home=C:\Users\Administrator
user.timezone=Asia/Shanghai
java.awt.printerjob=sun.awt.windows.WPrinterJob
java.specification.version=1.8
file.encoding=GBK
user.name=Administrator
java.class.path=C:\Users\ADMINI~1\AppData\Local\Temp\...
java.vm.specification.version=1.8
sun.arch.data.model=64
java.home=e:\jre\jre8112
sun.java.command=E:\官方工具\exe4j_windows-x64_5_0_1\exe4j...
exe4j.launchName=E:\官方工具\exe4j_windows-x64_5_0_1\exe4j...
java.specification.vendor=Oracle Corporation
user.language=zh
awt.toolkit=sun.awt.windows.WToolkit
java.vm.info=mixed mode
exe4j.unextractedPosition=1089436
java.version=1.8.0_112
java.ext.dirs=e:\jre\jre8112\lib\ext;C:\Windows\Sun...
sun.boot.class.path=e:\jre\jre8112\lib\resources.jar;e:\j...
java.vendor=Oracle Corporation
install4j.appDir=C:\Users\Administrator\AppData\Local\...
file.separator=\
java.vendor.url.bug=http://bugreport.sun.com/bugreport/
sun.cpu.endian=little
sun.io.unicode.encoding=UnicodeLittle
sun.desktop=windows
sun.cpu.isalist=amd64
[INFO] com.install4j.runtime.beans.actions.misc.RequestPrivilegesAction [ID 165]: Execute action
       Property allRequested: false
       Property failIfNotObtainedMac: true
       Property obtainIfAdminMac: false
       Property obtainIfAdminWin: true
       Property obtainIfNormalMac: false
       Property obtainIfNormalWin: false
       Property failIfNotRootUnix: false
       Property failIfNotObtainedWin: true
       Property rollbackSupported: false
       Variable changed: sys.adminRights=true[class java.lang.Boolean]
       Execute action successful after 735 ms
[INFO] com.install4j.runtime.beans.screens.StartupScreen [ID 15]: command: move 1 screens, executing actions, checking condition
[INFO] com.install4j.runtime.beans.screens.WelcomeScreen [ID 20]: Show screen
       thread name AWT-EventQueue-0
[INFO] Using communication backend com.install4j.runtime.installer.platform.win32.Win32CommunicationBackend
[INFO] com.install4j.runtime.beans.screens.WelcomeScreen [ID 20]: command: move 1 screens, executing actions, checking condition
[INFO] com.install4j.runtime.beans.screens.LicenseScreen [ID 21]: Show screen
[INFO] com.install4j.runtime.beans.screens.LicenseScreen [ID 21]: command: move 1 screens, executing actions, checking condition
[INFO] com.install4j.runtime.beans.screens.InstallationDirectoryScreen [ID 22]: Show screen
       Variable changed: sys.installationDir=E:\exe4j[class java.lang.String]
       checking writable with maximum
[INFO] com.install4j.runtime.beans.actions.misc.LoadResponseFileAction [ID 75]: Execute action
       Property file: null
       Property overwriteStrategy: Do not overwrite command line
       Property excludedVariables: [sys.installationDir]
       Property registerForResponseFile: true
       Property rollbackSupported: true
       Response file E:\exe4j\.install4j\response.varfile does not exist
       Execute action successful after 14 ms
[INFO] com.install4j.runtime.beans.screens.InstallationDirectoryScreen [ID 22]: command: move 1 screens, executing actions, checking condition
[INFO] com.install4j.runtime.beans.screens.StandardProgramGroupScreen [ID 24]: Show screen
       Variable changed: sys.programGroupName=exe4j[class java.lang.String]
       Variable changed: sys.programGroupDisabled=false[class java.lang.Boolean]
       Variable changed: sys.programGroupAllUsers=false[class java.lang.Boolean]
[INFO] com.install4j.runtime.beans.screens.StandardProgramGroupScreen [ID 24]: command: move 1 screens, executing actions, checking condition
[INFO] com.install4j.runtime.beans.screens.FileAssociationsScreen [ID 25]: Show screen
       Variable changed: sys.fileAssociation.extensions=[exe4j][class [Ljava.lang.String;]
       Variable changed: sys.fileAssociation.launchers=[2][class [Ljava.lang.String;]
[INFO] com.install4j.runtime.beans.screens.FileAssociationsScreen [ID 25]: command: move 1 screens, executing actions, checking condition
[INFO] com.install4j.runtime.beans.screens.InstallationScreen [ID 26]: Show screen
[INFO] com.install4j.runtime.beans.actions.files.DeleteFileAction [ID 117]: Execute action
       Property rollbackSupported: false
       Property backupForRollback: false
       Property showProgress: false
       Property showFileNames: true
       Property recursive: false
       Property directoryFilter: null
       Property fileFilter: null
       Property files: [lib\jai_imageio.jar]
       The file "E:\exe4j\lib\jai_imageio.jar" does not exist
       Execute action successful after 40 ms
[INFO] com.install4j.runtime.beans.actions.InstallFilesAction [ID 28]: Execute action
       Property checkFreeSpace: true
       Property validateApplicationId: false
       Property sizeCalculatorScript: null
       Property saveDownloadedFiles: false
       Property updateBundledJre: true
       Property installRuntime: true
       Property fileFilterScript: null
       Property directoryResolverScript: null
       Property delay: false
       Property showFileNames: true
       Property triggerReboot: true
       Property rollbackSupported: true
       checking writable with maximum
       Install file: E:\exe4j\README.txt; size: 1735 bytes; exists: false
       File options set to: [fileTime: Fri Feb 06 17:38:52 CST 2015, mode: 644, overwriteMode: If newer otherwise ask, shared: false, uninstallMode: If created, delayIfNecessary: false]
       Install file: E:\exe4j\bin\ant.jar; size: 3630 bytes; exists: false
       File options set to: [fileTime: Fri Feb 06 17:39:08 CST 2015, mode: 644, overwriteMode: If newer otherwise ask, shared: false, uninstallMode: If created, delayIfNecessary: false]
       Install file: E:\exe4j\bin\exe4j.exe; size: 619272 bytes; exists: false
       File options set to: [fileTime: Fri Feb 06 17:39:08 CST 2015, mode: 755, overwriteMode: If newer otherwise ask, shared: false, uninstallMode: If created, delayIfNecessary: false]
       Install file: E:\exe4j\bin\exe4j.jar; size: 1006187 bytes; exists: false
       File options set to: [fileTime: Fri Feb 06 17:39:08 CST 2015, mode: 644, overwriteMode: If newer otherwise ask, shared: false, uninstallMode: If created, delayIfNecessary: false]
       Install file: E:\exe4j\bin\exe4jc.exe; size: 277768 bytes; exists: false
       File options set to: [fileTime: Fri Feb 06 17:39:08 CST 2015, mode: 755, overwriteMode: If newer otherwise ask, shared: false, uninstallMode: If created, delayIfNecessary: false]
       Install file: E:\exe4j\config\config_template.xml; size: 72 bytes; exists: false
       File options set to: [fileTime: Fri Feb 06 17:38:52 CST 2015, mode: 644, overwriteMode: If newer otherwise ask, shared: false, uninstallMode: If created, delayIfNecessary: false]
       Install file: E:\exe4j\config\template.exe4j; size: 203 bytes; exists: false
       Install file: E:\exe4j\config\transforms\transform_1.replacements; size: 558 bytes; exists: false
       Install file: E:\exe4j\config\transforms\transform_1.xsl; size: 560 bytes; exists: false
       Install file: E:\exe4j\config\transforms\transform_2.xsl; size: 943 bytes; exists: false
       Install file: E:\exe4j\demo\cli\Hello.class; size: 336 bytes; exists: false
       Install file: E:\exe4j\demo\cli\Hello.java; size: 181 bytes; exists: false
       Install file: E:\exe4j\demo\cli\hello.exe; size: 275456 bytes; exists: false
       Install file: E:\exe4j\demo\cli\hello.exe4j; size: 1881 bytes; exists: false
       Install file: E:\exe4j\demo\gui\Hello$1.class; size: 416 bytes; exists: false
       Install file: E:\exe4j\demo\gui\Hello$2$1.class; size: 904 bytes; exists: false
       Install file: E:\exe4j\demo\gui\Hello$2.class; size: 616 bytes; exists: false
       Install file: E:\exe4j\demo\gui\Hello.class; size: 2846 bytes; exists: false
       Install file: E:\exe4j\demo\gui\Hello.java; size: 3406 bytes; exists: false
       Install file: E:\exe4j\demo\gui\hello.bmp; size: 276054 bytes; exists: false
       Install file: E:\exe4j\demo\gui\hello.exe; size: 560128 bytes; exists: false
       Install file: E:\exe4j\demo\gui\hello.exe4j; size: 2019 bytes; exists: false
       Install file: E:\exe4j\demo\gui\hello.ico; size: 3638 bytes; exists: false
       Install file: E:\exe4j\demo\service\ServiceDemo$ShutdownThread.class; size: 937 bytes; exists: false
       Install file: E:\exe4j\demo\service\ServiceDemo.class; size: 1618 bytes; exists: false
       Install file: E:\exe4j\demo\service\ServiceDemo.java; size: 1775 bytes; exists: false
       Install file: E:\exe4j\demo\service\service.exe4j; size: 1895 bytes; exists: false
       Install file: E:\exe4j\demo\service\svc_demo.exe; size: 281088 bytes; exists: false
       Install file: E:\exe4j\doc\cli\$folder$.html; size: 2106 bytes; exists: false
       Install file: E:\exe4j\doc\cli\ant.html; size: 6980 bytes; exists: false
       Install file: E:\exe4j\doc\cli\cli.html; size: 2969 bytes; exists: false
       Install file: E:\exe4j\doc\cli\options.html; size: 4072 bytes; exists: false
       Install file: E:\exe4j\doc\cli\relative.html; size: 1660 bytes; exists: false
       Install file: E:\exe4j\doc\help.pdf; size: 247311 bytes; exists: false
       Install file: E:\exe4j\doc\images\add_16.png; size: 565 bytes; exists: false
       Install file: E:\exe4j\doc\images\cpe_archive_16.png; size: 872 bytes; exists: false
       Install file: E:\exe4j\doc\images\cpe_directory_16.png; size: 872 bytes; exists: false
       Install file: E:\exe4j\doc\images\cpe_envvar_16.png; size: 699 bytes; exists: false
       Install file: E:\exe4j\doc\images\cpe_fail_on_error_16.png; size: 527 bytes; exists: false
       Install file: E:\exe4j\doc\images\cpe_scan_directory_16.png; size: 829 bytes; exists: false
       Install file: E:\exe4j\doc\images\down_16.png; size: 714 bytes; exists: false
       Install file: E:\exe4j\doc\images\help_bullet_16.png; size: 622 bytes; exists: false
       Install file: E:\exe4j\doc\images\help_folder_closed_18.png; size: 818 bytes; exists: false
       Install file: E:\exe4j\doc\images\help_folder_open_18.png; size: 938 bytes; exists: false
       Install file: E:\exe4j\doc\images\help_overview.png; size: 703 bytes; exists: false
       Install file: E:\exe4j\doc\images\help_overview_18.png; size: 713 bytes; exists: false
       Install file: E:\exe4j\doc\images\help_root_18.png; size: 900 bytes; exists: false
       Install file: E:\exe4j\doc\images\help_section_bullet_16.png; size: 365 bytes; exists: false
       Install file: E:\exe4j\doc\images\help_topic_18.png; size: 644 bytes; exists: false
       Install file: E:\exe4j\doc\images\overridden_16.png; size: 881 bytes; exists: false
       Install file: E:\exe4j\doc\images\remove_16.png; size: 846 bytes; exists: false
       Install file: E:\exe4j\doc\images\sse_directory_16.png; size: 872 bytes; exists: false
       Install file: E:\exe4j\doc\images\sse_envvar_16.png; size: 699 bytes; exists: false
       Install file: E:\exe4j\doc\images\sse_registry_16.png; size: 973 bytes; exists: false
       Install file: E:\exe4j\doc\images\up_16.png; size: 702 bytes; exists: false
       Install file: E:\exe4j\doc\images\wizard.png; size: 24884 bytes; exists: false
       Install file: E:\exe4j\doc\index.html; size: 991 bytes; exists: false
       Install file: E:\exe4j\doc\licensing.html; size: 3792 bytes; exists: false
       Install file: E:\exe4j\doc\splash\$folder$.html; size: 1941 bytes; exists: false
       Install file: E:\exe4j\doc\splash\singleInstance.html; size: 3604 bytes; exists: false
       Install file: E:\exe4j\doc\splash\splash.html; size: 3641 bytes; exists: false
       Install file: E:\exe4j\doc\standalone\code.html; size: 12430 bytes; exists: false
       Install file: E:\exe4j\doc\standalone\content-shadow.png; size: 1090 bytes; exists: false
       Install file: E:\exe4j\doc\standalone\executable.png; size: 1090 bytes; exists: false
       Install file: E:\exe4j\doc\standalone\favicon.ico; size: 31702 bytes; exists: false
       Install file: E:\exe4j\doc\standalone\fonts.css; size: 332 bytes; exists: false
       Install file: E:\exe4j\doc\standalone\fonts\os.ttf; size: 36492 bytes; exists: false
       Install file: E:\exe4j\doc\standalone\fonts\osb.ttf; size: 38108 bytes; exists: false
       Install file: E:\exe4j\doc\standalone\fonts\osi.ttf; size: 34416 bytes; exists: false
       Install file: E:\exe4j\doc\standalone\heading.html; size: 263 bytes; exists: false
       Install file: E:\exe4j\doc\standalone\help.css; size: 2124 bytes; exists: false
       Install file: E:\exe4j\doc\standalone\help_common.css; size: 181 bytes; exists: false
       Install file: E:\exe4j\doc\standalone\jqtree-circle.png; size: 239 bytes; exists: false
       Install file: E:\exe4j\doc\standalone\jqtree.css; size: 2893 bytes; exists: false
       Install file: E:\exe4j\doc\standalone\jquery.min.js; size: 93107 bytes; exists: false
       Install file: E:\exe4j\doc\standalone\menu_empty.html; size: 172 bytes; exists: false
       Install file: E:\exe4j\doc\standalone\mtmcode.js; size: 21261 bytes; exists: false
       Install file: E:\exe4j\doc\standalone\nav-down.png; size: 283 bytes; exists: false
       Install file: E:\exe4j\doc\standalone\nav-left.png; size: 1042 bytes; exists: false
       Install file: E:\exe4j\doc\standalone\nav-right.png; size: 1039 bytes; exists: false
       Install file: E:\exe4j\doc\standalone\nav-up.png; size: 1031 bytes; exists: false
       Install file: E:\exe4j\doc\standalone\reset.css; size: 691 bytes; exists: false
       Install file: E:\exe4j\doc\standalone\standalone.css; size: 1657 bytes; exists: false
       Install file: E:\exe4j\doc\standalone\tracking.js; size: 1065 bytes; exists: false
       Install file: E:\exe4j\doc\standalone\tree.jquery.js; size: 82549 bytes; exists: false
       Install file: E:\exe4j\doc\standalone\tree.js; size: 2692 bytes; exists: false
       Install file: E:\exe4j\doc\standalone\tree_data.js; size: 3750 bytes; exists: false
       Install file: E:\exe4j\doc\welcome.html; size: 2519 bytes; exists: false
       Install file: E:\exe4j\doc\wizard\$advancedFolder$.html; size: 3493 bytes; exists: false
       Install file: E:\exe4j\doc\wizard\$folder$.html; size: 4031 bytes; exists: false
       Install file: E:\exe4j\doc\wizard\64bit.html; size: 2588 bytes; exists: false
       Install file: E:\exe4j\doc\wizard\application.html; size: 4052 bytes; exists: false
       Install file: E:\exe4j\doc\wizard\compile.html; size: 2020 bytes; exists: false
       Install file: E:\exe4j\doc\wizard\dialogs\$folder$.html; size: 2445 bytes; exists: false
       Install file: E:\exe4j\doc\wizard\dialogs\classpath.html; size: 6914 bytes; exists: false
       Install file: E:\exe4j\doc\wizard\dialogs\mainClass.html; size: 1988 bytes; exists: false
       Install file: E:\exe4j\doc\wizard\dialogs\searchSequence.html; size: 3390 bytes; exists: false
       Install file: E:\exe4j\doc\wizard\dialogs\visual.html; size: 2642 bytes; exists: false
       Install file: E:\exe4j\doc\wizard\executable.html; size: 7250 bytes; exists: false
       Install file: E:\exe4j\doc\wizard\executionLevel.html; size: 3861 bytes; exists: false
       Install file: E:\exe4j\doc\wizard\finish.html; size: 2393 bytes; exists: false
       Install file: E:\exe4j\doc\wizard\java.html; size: 10053 bytes; exists: false
       Install file: E:\exe4j\doc\wizard\jdk.html; size: 4475 bytes; exists: false
       Install file: E:\exe4j\doc\wizard\messages.html; size: 3707 bytes; exists: false
       Install file: E:\exe4j\doc\wizard\native.html; size: 3513 bytes; exists: false
       Install file: E:\exe4j\doc\wizard\projectType.html; size: 3085 bytes; exists: false
       Install file: E:\exe4j\doc\wizard\redirection.html; size: 3170 bytes; exists: false
       Install file: E:\exe4j\doc\wizard\searchSequence.html; size: 6971 bytes; exists: false
       Install file: E:\exe4j\doc\wizard\service.html; size: 6518 bytes; exists: false
       Install file: E:\exe4j\doc\wizard\splashScreen.html; size: 2975 bytes; exists: false
       Install file: E:\exe4j\doc\wizard\splashScreenOptions.html; size: 4369 bytes; exists: false
       Install file: E:\exe4j\doc\wizard\versionInfo.html; size: 4147 bytes; exists: false
       Install file: E:\exe4j\doc\wizard\vmType.html; size: 3515 bytes; exists: false
       Install file: E:\exe4j\doc\wizard\welcome.html; size: 3562 bytes; exists: false
       Install file: E:\exe4j\doc\wizard\wizard.html; size: 4310 bytes; exists: false
       Install file: E:\exe4j\exe4j.url; size: 111 bytes; exists: false
       Install file: E:\exe4j\exe4jlib.jar; size: 23355 bytes; exists: false
       File options set to: [fileTime: Fri Feb 06 17:39:08 CST 2015, mode: 644, overwriteMode: If newer otherwise ask, shared: false, uninstallMode: If created, delayIfNecessary: false]
       Install file: E:\exe4j\javadoc\allclasses-frame.html; size: 903 bytes; exists: false
       File options set to: [fileTime: Fri Feb 06 17:38:52 CST 2015, mode: 644, overwriteMode: If newer otherwise ask, shared: false, uninstallMode: If created, delayIfNecessary: false]
       Install file: E:\exe4j\javadoc\allclasses-noframe.html; size: 843 bytes; exists: false
       Install file: E:\exe4j\javadoc\com\exe4j\Controller.ConnectionException.html; size: 7207 bytes; exists: false
       Install file: E:\exe4j\javadoc\com\exe4j\Controller.StartupListener.html; size: 7468 bytes; exists: false
       Install file: E:\exe4j\javadoc\com\exe4j\Controller.html; size: 11680 bytes; exists: false
       Install file: E:\exe4j\javadoc\com\exe4j\package-frame.html; size: 1133 bytes; exists: false
       Install file: E:\exe4j\javadoc\com\exe4j\package-summary.html; size: 5889 bytes; exists: false
       Install file: E:\exe4j\javadoc\com\exe4j\package-tree.html; size: 4513 bytes; exists: false
       Install file: E:\exe4j\javadoc\constant-values.html; size: 3550 bytes; exists: false
       Install file: E:\exe4j\javadoc\deprecated-list.html; size: 3500 bytes; exists: false
       Install file: E:\exe4j\javadoc\help-doc.html; size: 8189 bytes; exists: false
       Install file: E:\exe4j\javadoc\help_javadoc.css; size: 10801 bytes; exists: false
       Install file: E:\exe4j\javadoc\index-all.html; size: 6710 bytes; exists: false
       Install file: E:\exe4j\javadoc\index.html; size: 2497 bytes; exists: false
       Install file: E:\exe4j\javadoc\overview-summary.html; size: 3963 bytes; exists: false
       Install file: E:\exe4j\javadoc\overview-tree.html; size: 4504 bytes; exists: false
       Install file: E:\exe4j\javadoc\package-list; size: 10 bytes; exists: false
       Install file: E:\exe4j\javadoc\resources\background.gif; size: 2313 bytes; exists: false
       Install file: E:\exe4j\javadoc\resources\tab.gif; size: 291 bytes; exists: false
       Install file: E:\exe4j\javadoc\resources\titlebar.gif; size: 10701 bytes; exists: false
       Install file: E:\exe4j\javadoc\resources\titlebar_end.gif; size: 849 bytes; exists: false
       Install file: E:\exe4j\javadoc\serialized-form.html; size: 3962 bytes; exists: false
       Install file: E:\exe4j\lib\alloy.jar; size: 222751 bytes; exists: false
       File options set to: [fileTime: Fri Feb 06 17:39:08 CST 2015, mode: 644, overwriteMode: If newer otherwise ask, shared: false, uninstallMode: If created, delayIfNecessary: false]
       Install file: E:\exe4j\lib\annotations.jar; size: 2291 bytes; exists: false
       Install file: E:\exe4j\lib\commons-compress.jar; size: 169202 bytes; exists: false
       Install file: E:\exe4j\lib\guava.jar; size: 955048 bytes; exists: false
       Install file: E:\exe4j\lib\jargs.jar; size: 4841 bytes; exists: false
       Install file: E:\exe4j\lib\jargs_license.txt; size: 1465 bytes; exists: false
       File options set to: [fileTime: Fri Feb 06 17:38:52 CST 2015, mode: 644, overwriteMode: If newer otherwise ask, shared: false, uninstallMode: If created, delayIfNecessary: false]
       Install file: E:\exe4j\lib\jcip.jar; size: 3061 bytes; exists: false
       File options set to: [fileTime: Fri Feb 06 17:39:08 CST 2015, mode: 644, overwriteMode: If newer otherwise ask, shared: false, uninstallMode: If created, delayIfNecessary: false]
       Install file: E:\exe4j\lib\jclasslib-library.jar; size: 82308 bytes; exists: false
       Install file: E:\exe4j\lib\jdom2.jar; size: 174331 bytes; exists: false
       Install file: E:\exe4j\lib\jdom_license.txt; size: 2456 bytes; exists: false
       File options set to: [fileTime: Fri Feb 06 17:38:52 CST 2015, mode: 644, overwriteMode: If newer otherwise ask, shared: false, uninstallMode: If created, delayIfNecessary: false]
       Install file: E:\exe4j\lib\jh.jar; size: 313954 bytes; exists: false
       File options set to: [fileTime: Fri Feb 06 17:39:08 CST 2015, mode: 644, overwriteMode: If newer otherwise ask, shared: false, uninstallMode: If created, delayIfNecessary: false]
       Install file: E:\exe4j\lib\jide-common.jar; size: 954714 bytes; exists: false
       Install file: E:\exe4j\lib\jide-components.jar; size: 221935 bytes; exists: false
       Install file: E:\exe4j\lib\jide-editor.jar; size: 302404 bytes; exists: false
       Install file: E:\exe4j\lib\jide-grids.jar; size: 1328186 bytes; exists: false
       Install file: E:\exe4j\lib\jide-shortcut.jar; size: 52498 bytes; exists: false
       Install file: E:\exe4j\lib\mac_library.dylib; size: 70040 bytes; exists: false
       File options set to: [fileTime: Fri Feb 06 17:38:52 CST 2015, mode: 644, overwriteMode: If newer otherwise ask, shared: false, uninstallMode: If created, delayIfNecessary: false]
       Install file: E:\exe4j\lib\mac_library.jar; size: 8240 bytes; exists: false
       File options set to: [fileTime: Fri Feb 06 17:39:08 CST 2015, mode: 644, overwriteMode: If newer otherwise ask, shared: false, uninstallMode: If created, delayIfNecessary: false]
       Install file: E:\exe4j\lib\miglayout-core.jar; size: 52258 bytes; exists: false
       Install file: E:\exe4j\lib\miglayout-swing.jar; size: 10922 bytes; exists: false
       Install file: E:\exe4j\license.html; size: 12555 bytes; exists: false
       File options set to: [fileTime: Fri Feb 06 17:38:52 CST 2015, mode: 644, overwriteMode: If newer otherwise ask, shared: false, uninstallMode: If created, delayIfNecessary: false]
       Install file: E:\exe4j\license.txt; size: 11405 bytes; exists: false
       Install file: E:\exe4j\resource\i4jdel.exe; size: 35680 bytes; exists: false
       Install file: E:\exe4j\resource\manifest; size: 1189 bytes; exists: false
       Install file: E:\exe4j\resource\manifest.64; size: 1193 bytes; exists: false
       Install file: E:\exe4j\resource\manifest.dpi; size: 1430 bytes; exists: false
       Install file: E:\exe4j\resource\manifest.dpi.64; size: 1435 bytes; exists: false
       Install file: E:\exe4j\resource\messages\languages; size: 31 bytes; exists: false
       Install file: E:\exe4j\resource\messages\messages_de.utf8; size: 2331 bytes; exists: false
       Install file: E:\exe4j\resource\messages\messages_en.utf8; size: 2049 bytes; exists: false
       Install file: E:\exe4j\resource\messages\messages_fr.utf8; size: 2241 bytes; exists: false
       Install file: E:\exe4j\resource\winln.bin; size: 195584 bytes; exists: false
       Install file: E:\exe4j\resource\winln.bin.64; size: 228864 bytes; exists: false
       Install file: E:\exe4j\resource\winlns.bin; size: 199168 bytes; exists: false
       Install file: E:\exe4j\resource\winlns.bin.64; size: 234496 bytes; exists: false
       Install file: E:\exe4j\resource\winsvc.bin; size: 201216 bytes; exists: false
       Install file: E:\exe4j\resource\winsvc.bin.64; size: 236032 bytes; exists: false
       Install file: E:\exe4j\uninstall.exe; size: 351496 bytes; exists: false
       File options set to: [fileTime: Fri Feb 06 17:39:10 CST 2015, mode: 700, overwriteMode: If newer otherwise ask, shared: false, uninstallMode: If created, delayIfNecessary: false]
       Install file: E:\exe4j\.install4j\inst_jre.cfg; size: 16 bytes; exists: false
       File options set to: [fileTime: Tue Jan 17 16:16:39 CST 2017, mode: 644, overwriteMode: Always, shared: false, uninstallMode: If created, delayIfNecessary: false]
       Install file: E:\exe4j\.install4j\i4jruntime.jar; size: 1131438 bytes; exists: false
       File options set to: [fileTime: Tue Jan 17 16:16:39 CST 2017, mode: 644, overwriteMode: Always, shared: false, uninstallMode: Always, delayIfNecessary: false]
       Install file: E:\exe4j\.install4j\MessagesDefault; size: 32917 bytes; exists: false
       Install file: E:\exe4j\.install4j\i4jparams.conf; size: 43046 bytes; exists: false
       Install file: E:\exe4j\.install4j\stats.properties; size: 1171 bytes; exists: false
       Install file: E:\exe4j\.install4j\user.jar; size: 5111 bytes; exists: false
       Install file: E:\exe4j\.install4j\i4jdel.exe; size: 35680 bytes; exists: false
       Install file: E:\exe4j\.install4j\i4jinst.dll; size: 120320 bytes; exists: false
       Install file: E:\exe4j\.install4j\i4j_extf_0_7exk44.utf8; size: 32917 bytes; exists: false
       Install file: E:\exe4j\.install4j\i4j_extf_1_7exk44.html; size: 12555 bytes; exists: false
       Install file: E:\exe4j\.install4j\i4j_extf_2_7exk44_1jevf4t.ico; size: 35910 bytes; exists: false
       Install file: E:\exe4j\.install4j\installer.ico; size: 27766 bytes; exists: false
       Execute action successful after 12493 ms
[INFO] com.install4j.runtime.beans.actions.desktop.CreateProgramGroupAction [ID 29]: Execute action
       Property programGroupName: exe4j
       Property programGroupEntryConfigs: [com.install4j.runtime.beans.screens.components.ProgramGroupUrlConfig@67117f44, ProgramGroupFileConfig{target=doc\help.pdf, arguments='', runAsAdministrator=false}, ProgramGroupFileConfig{target=doc\index.html, arguments='', runAsAdministrator=false}]
       Property uninstallerMenuName: exe4j Uninstaller
       Property unixMenuEntries: true
       Property addDefaultLauncherLinks: true
       Property failForSymlinksNotCreated: false
       Property linkDirectory: 
       Property allUsers: false
       Property unixSymlinks: true
       Property addUninstaller: true
       Property categories: Application
       Property rollbackSupported: true
       Install file: C:\Users\Administrator\AppData\Roaming\Microsoft\Windows\Start Menu\Programs\exe4j\exe4j Wizard.lnk; size: 656 bytes; exists: false
       File options set to: [fileTime: Tue Jan 17 16:16:40 CST 2017, mode: 644, overwriteMode: Always, shared: false, uninstallMode: Always, delayIfNecessary: false]
       Install file: C:\Users\Administrator\AppData\Roaming\Microsoft\Windows\Start Menu\Programs\exe4j\exe4j Uninstaller.lnk; size: 586 bytes; exists: false
       File options set to: [fileTime: Tue Jan 17 16:16:40 CST 2017, mode: 644, overwriteMode: Always, shared: false, uninstallMode: Always, delayIfNecessary: false]
       Install file: C:\Users\Administrator\AppData\Roaming\Microsoft\Windows\Start Menu\Programs\exe4j\exe4j on the Web.url; size: 151 bytes; exists: false
       File options set to: [fileTime: Tue Jan 17 16:16:40 CST 2017, mode: 644, overwriteMode: Always, shared: false, uninstallMode: Always, delayIfNecessary: false]
       Install file: C:\Users\Administrator\AppData\Roaming\Microsoft\Windows\Start Menu\Programs\exe4j\Documentation\exe4j Printable Manual.lnk; size: 607 bytes; exists: false
       File options set to: [fileTime: Tue Jan 17 16:16:40 CST 2017, mode: 644, overwriteMode: Always, shared: false, uninstallMode: Always, delayIfNecessary: false]
       Install file: C:\Users\Administrator\AppData\Roaming\Microsoft\Windows\Start Menu\Programs\exe4j\Documentation\exe4j Help.lnk; size: 615 bytes; exists: false
       File options set to: [fileTime: Tue Jan 17 16:16:40 CST 2017, mode: 644, overwriteMode: Always, shared: false, uninstallMode: Always, delayIfNecessary: false]
       Execute action successful after 360 ms
[INFO] com.install4j.runtime.beans.actions.desktop.RegisterAddRemoveAction [ID 30]: Execute action
       Property icon: null
       Property iconSource: Installer icon
       Property itemName: exe4j 5.0.1
       Property persistentProperties: {}
       Property rollbackSupported: true
       Execute action successful after 42 ms
[INFO] com.install4j.runtime.beans.actions.desktop.CreateFileAssociationAction [ID 31]: Execute action
       Property extension: exe4j
       Property windows: true
       Property description: exe4j project files
       Property selected: true
       Property windowsIconFile: i4j_extf_2_7exk44_1jevf4t.ico
       Property winAdditionalParameters: null
       Property launcherId: 2
       Property mac: false
       Property macIconFile: 
       Property macRole: Viewer
       Property restartFinder: false
       Property persistentProperties: {}
       Property rollbackSupported: true
       using internal name exe4j
       Execute action successful after 36 ms
[INFO] com.install4j.runtime.beans.actions.files.AddWindowsFileRightsAction [ID 217]: Execute action
       Property rollbackSupported: false
       Property files: [demo]
       Property group: Authenticated users
       Property sidOrAccountName: null
       Property all: true
       Property execute: false
       Property read: false
       Property write: false
       Execute action successful after 40 ms
[INFO] com.install4j.runtime.beans.screens.InstallationScreen [ID 26]: Rollback barrier reached
       command: move 1 screens, executing actions, checking condition
[INFO] com.install4j.runtime.beans.screens.FinishedScreen [ID 32]: Show screen
       Variable changed: executeLauncherAction=true[class java.lang.Boolean]
[INFO] com.install4j.runtime.beans.actions.finish.ExecuteLauncherAction [ID 42]: Execute action
       Property arguments: null
       Property rollbackSupported: false
       Property launcherId: 2
       Execute action successful after 551 ms
[INFO] com.install4j.runtime.beans.screens.FinishedScreen [ID 32]: command: finish
       cleaning up
       Finished
